{"C:\\Courses\\NodeJs\\TDD, Clean Code\\03-TDD - Tests\\src\\controllers\\register-vehicle.ts": {"path":"C:\\Courses\\NodeJs\\TDD, Clean Code\\03-TDD - Tests\\src\\controllers\\register-vehicle.ts","all":false,"statementMap":{"0":{"start":{"line":1,"column":0},"end":{"line":1,"column":30}},"1":{"start":{"line":2,"column":0},"end":{"line":2,"column":35}},"2":{"start":{"line":3,"column":0},"end":{"line":3,"column":35}},"3":{"start":{"line":4,"column":0},"end":{"line":4,"column":20}},"4":{"start":{"line":5,"column":0},"end":{"line":5,"column":32}},"5":{"start":{"line":6,"column":0},"end":{"line":6,"column":53}},"6":{"start":{"line":7,"column":0},"end":{"line":7,"column":13}},"7":{"start":{"line":8,"column":0},"end":{"line":8,"column":9}},"8":{"start":{"line":9,"column":0},"end":{"line":9,"column":36}},"9":{"start":{"line":10,"column":0},"end":{"line":10,"column":20}},"10":{"start":{"line":11,"column":0},"end":{"line":11,"column":32}},"11":{"start":{"line":12,"column":0},"end":{"line":12,"column":54}},"12":{"start":{"line":13,"column":0},"end":{"line":13,"column":13}},"13":{"start":{"line":14,"column":0},"end":{"line":14,"column":9}},"14":{"start":{"line":15,"column":0},"end":{"line":15,"column":8}},"15":{"start":{"line":16,"column":0},"end":{"line":16,"column":5}},"16":{"start":{"line":17,"column":0},"end":{"line":17,"column":1}}},"s":{"0":1,"1":1,"2":2,"3":1,"4":1,"5":1,"6":1,"7":1,"8":1,"9":1,"10":1,"11":1,"12":1,"13":1,"14":2,"15":2,"16":1},"branchMap":{"0":{"type":"branch","line":2,"loc":{"start":{"line":2,"column":4},"end":{"line":16,"column":5}},"locations":[{"start":{"line":2,"column":4},"end":{"line":16,"column":5}}]},"1":{"type":"branch","line":3,"loc":{"start":{"line":3,"column":34},"end":{"line":14,"column":9}},"locations":[{"start":{"line":3,"column":34},"end":{"line":14,"column":9}}]}},"b":{"0":[2],"1":[1]},"fnMap":{"0":{"name":"handle","decl":{"start":{"line":2,"column":4},"end":{"line":16,"column":5}},"loc":{"start":{"line":2,"column":4},"end":{"line":16,"column":5}},"line":2}},"f":{"0":2}}
,"C:\\Courses\\NodeJs\\TDD, Clean Code\\03-TDD - Tests\\src\\models\\vehicle-model.ts": {"path":"C:\\Courses\\NodeJs\\TDD, Clean Code\\03-TDD - Tests\\src\\models\\vehicle-model.ts","all":false,"statementMap":{"0":{"start":{"line":1,"column":0},"end":{"line":1,"column":27}},"1":{"start":{"line":2,"column":0},"end":{"line":2,"column":17}},"2":{"start":{"line":3,"column":0},"end":{"line":3,"column":17}},"3":{"start":{"line":4,"column":0},"end":{"line":4,"column":16}},"4":{"start":{"line":5,"column":0},"end":{"line":5,"column":0}},"5":{"start":{"line":6,"column":0},"end":{"line":6,"column":18}},"6":{"start":{"line":7,"column":0},"end":{"line":7,"column":29}},"7":{"start":{"line":8,"column":0},"end":{"line":8,"column":27}},"8":{"start":{"line":9,"column":0},"end":{"line":9,"column":24}},"9":{"start":{"line":10,"column":0},"end":{"line":10,"column":5}},"10":{"start":{"line":11,"column":0},"end":{"line":11,"column":1}}},"s":{"0":1,"1":1,"2":1,"3":1,"4":1,"5":1,"6":1,"7":1,"8":1,"9":1,"10":1},"branchMap":{"0":{"type":"branch","line":6,"loc":{"start":{"line":6,"column":4},"end":{"line":10,"column":5}},"locations":[{"start":{"line":6,"column":4},"end":{"line":10,"column":5}}]}},"b":{"0":[1]},"fnMap":{"0":{"name":"VehicleModel","decl":{"start":{"line":6,"column":4},"end":{"line":10,"column":5}},"loc":{"start":{"line":6,"column":4},"end":{"line":10,"column":5}},"line":6}},"f":{"0":1}}
}
